<?xml version="1.0" encoding="UTF-8"?>
<!-- Generated by org.testng.reporters.JUnitReportReporter -->
<testsuite hostname="Asiya" failures="0" tests="1" name="runner.Myrunner11" time="4.146" errors="0" timestamp="2024-06-02T22:14:46 EDT" skipped="0">
  <testcase classname="runner.Myrunner11" name="runScenario" time="4.146"/>
  <system-out/>
</testsuite> <!-- runner.Myrunner11 -->
